;  LST file generated by mikroListExporter - v.2.0 
; Date/Time: 18-May-21 1:24:44 AM
;----------------------------------------------

;Address Opcode 	ASM
0x0000	0x2923      	GOTO       291
_Delay_50us:
;__Lib_Delays.c,19 :: 		void Delay_50us() {
;__Lib_Delays.c,20 :: 		Delay_us(50);
0x0003	0x3021      	MOVLW      33
0x0004	0x1283      	BCF        STATUS, 5
0x0005	0x1303      	BCF        STATUS, 6
0x0006	0x00FD      	MOVWF      R13
L_Delay_50us2:
0x0007	0x0BFD      	DECFSZ     R13, 1
0x0008	0x2807      	GOTO       L_Delay_50us2
;__Lib_Delays.c,21 :: 		}
L_end_Delay_50us:
0x0009	0x0008      	RETURN
; end of _Delay_50us
_Delay_5500us:
;__Lib_Delays.c,31 :: 		void Delay_5500us() {
;__Lib_Delays.c,32 :: 		Delay_us(5500);
0x000A	0x300F      	MOVLW      15
0x000B	0x1283      	BCF        STATUS, 5
0x000C	0x1303      	BCF        STATUS, 6
0x000D	0x00FC      	MOVWF      R12
0x000E	0x3047      	MOVLW      71
0x000F	0x00FD      	MOVWF      R13
L_Delay_5500us5:
0x0010	0x0BFD      	DECFSZ     R13, 1
0x0011	0x2810      	GOTO       L_Delay_5500us5
0x0012	0x0BFC      	DECFSZ     R12, 1
0x0013	0x2810      	GOTO       L_Delay_5500us5
0x0014	0x0000      	NOP
0x0015	0x0000      	NOP
;__Lib_Delays.c,33 :: 		}
L_end_Delay_5500us:
0x0016	0x0008      	RETURN
; end of _Delay_5500us
_Delay_1us:
;__Lib_Delays.c,7 :: 		void Delay_1us() {
;__Lib_Delays.c,8 :: 		Delay_us(1);
0x0017	0x0000      	NOP
0x0018	0x0000      	NOP
;__Lib_Delays.c,9 :: 		}
L_end_Delay_1us:
0x0019	0x0008      	RETURN
; end of _Delay_1us
_Lcd_Cmd:
;__Lib_Lcd.c,18 :: 		
;__Lib_Lcd.c,20 :: 		
0x001A	0x1683      	BSF        STATUS, 5
0x001B	0x1303      	BCF        STATUS, 6
0x001C	0x1BA2      	BTFSC      FARG_Lcd_Cmd_out_char, 7
0x001D	0x2821      	GOTO       L__Lcd_Cmd21
0x001E	0x1283      	BCF        STATUS, 5
0x001F	0x1386      	BCF        LCD_D7, BitPos(LCD_D7+0)
0x0020	0x2823      	GOTO       L__Lcd_Cmd22
L__Lcd_Cmd21:
0x0021	0x1283      	BCF        STATUS, 5
0x0022	0x1786      	BSF        LCD_D7, BitPos(LCD_D7+0)
L__Lcd_Cmd22:
;__Lib_Lcd.c,21 :: 		
0x0023	0x1683      	BSF        STATUS, 5
0x0024	0x1B22      	BTFSC      FARG_Lcd_Cmd_out_char, 6
0x0025	0x2829      	GOTO       L__Lcd_Cmd23
0x0026	0x1283      	BCF        STATUS, 5
0x0027	0x1306      	BCF        LCD_D6, BitPos(LCD_D6+0)
0x0028	0x282B      	GOTO       L__Lcd_Cmd24
L__Lcd_Cmd23:
0x0029	0x1283      	BCF        STATUS, 5
0x002A	0x1706      	BSF        LCD_D6, BitPos(LCD_D6+0)
L__Lcd_Cmd24:
;__Lib_Lcd.c,22 :: 		
0x002B	0x1683      	BSF        STATUS, 5
0x002C	0x1AA2      	BTFSC      FARG_Lcd_Cmd_out_char, 5
0x002D	0x2831      	GOTO       L__Lcd_Cmd25
0x002E	0x1283      	BCF        STATUS, 5
0x002F	0x1286      	BCF        LCD_D5, BitPos(LCD_D5+0)
0x0030	0x2833      	GOTO       L__Lcd_Cmd26
L__Lcd_Cmd25:
0x0031	0x1283      	BCF        STATUS, 5
0x0032	0x1686      	BSF        LCD_D5, BitPos(LCD_D5+0)
L__Lcd_Cmd26:
;__Lib_Lcd.c,23 :: 		
0x0033	0x1683      	BSF        STATUS, 5
0x0034	0x1A22      	BTFSC      FARG_Lcd_Cmd_out_char, 4
0x0035	0x2839      	GOTO       L__Lcd_Cmd27
0x0036	0x1283      	BCF        STATUS, 5
0x0037	0x1206      	BCF        LCD_D4, BitPos(LCD_D4+0)
0x0038	0x283B      	GOTO       L__Lcd_Cmd28
L__Lcd_Cmd27:
0x0039	0x1283      	BCF        STATUS, 5
0x003A	0x1606      	BSF        LCD_D4, BitPos(LCD_D4+0)
L__Lcd_Cmd28:
;__Lib_Lcd.c,25 :: 		
0x003B	0x1866      	BTFSC      __Lib_Lcd_cmd_status, BitPos(__Lib_Lcd_cmd_status+0)
0x003C	0x283F      	GOTO       L__Lcd_Cmd29
0x003D	0x1506      	BSF        LCD_RS, BitPos(LCD_RS+0)
0x003E	0x2840      	GOTO       L__Lcd_Cmd30
L__Lcd_Cmd29:
0x003F	0x1106      	BCF        LCD_RS, BitPos(LCD_RS+0)
L__Lcd_Cmd30:
;__Lib_Lcd.c,28 :: 		
0x0040	0x1586      	BSF        LCD_EN, BitPos(LCD_EN+0)
;__Lib_Lcd.c,29 :: 		
0x0041	0x2017      	CALL       _Delay_1us
;__Lib_Lcd.c,30 :: 		
0x0042	0x1186      	BCF        LCD_EN, BitPos(LCD_EN+0)
;__Lib_Lcd.c,33 :: 		
0x0043	0x1683      	BSF        STATUS, 5
0x0044	0x19A2      	BTFSC      FARG_Lcd_Cmd_out_char, 3
0x0045	0x2849      	GOTO       L__Lcd_Cmd31
0x0046	0x1283      	BCF        STATUS, 5
0x0047	0x1386      	BCF        LCD_D7, BitPos(LCD_D7+0)
0x0048	0x284B      	GOTO       L__Lcd_Cmd32
L__Lcd_Cmd31:
0x0049	0x1283      	BCF        STATUS, 5
0x004A	0x1786      	BSF        LCD_D7, BitPos(LCD_D7+0)
L__Lcd_Cmd32:
;__Lib_Lcd.c,34 :: 		
0x004B	0x1683      	BSF        STATUS, 5
0x004C	0x1922      	BTFSC      FARG_Lcd_Cmd_out_char, 2
0x004D	0x2851      	GOTO       L__Lcd_Cmd33
0x004E	0x1283      	BCF        STATUS, 5
0x004F	0x1306      	BCF        LCD_D6, BitPos(LCD_D6+0)
0x0050	0x2853      	GOTO       L__Lcd_Cmd34
L__Lcd_Cmd33:
0x0051	0x1283      	BCF        STATUS, 5
0x0052	0x1706      	BSF        LCD_D6, BitPos(LCD_D6+0)
L__Lcd_Cmd34:
;__Lib_Lcd.c,35 :: 		
0x0053	0x1683      	BSF        STATUS, 5
0x0054	0x18A2      	BTFSC      FARG_Lcd_Cmd_out_char, 1
0x0055	0x2859      	GOTO       L__Lcd_Cmd35
0x0056	0x1283      	BCF        STATUS, 5
0x0057	0x1286      	BCF        LCD_D5, BitPos(LCD_D5+0)
0x0058	0x285B      	GOTO       L__Lcd_Cmd36
L__Lcd_Cmd35:
0x0059	0x1283      	BCF        STATUS, 5
0x005A	0x1686      	BSF        LCD_D5, BitPos(LCD_D5+0)
L__Lcd_Cmd36:
;__Lib_Lcd.c,36 :: 		
0x005B	0x1683      	BSF        STATUS, 5
0x005C	0x1822      	BTFSC      FARG_Lcd_Cmd_out_char, 0
0x005D	0x2861      	GOTO       L__Lcd_Cmd37
0x005E	0x1283      	BCF        STATUS, 5
0x005F	0x1206      	BCF        LCD_D4, BitPos(LCD_D4+0)
0x0060	0x2863      	GOTO       L__Lcd_Cmd38
L__Lcd_Cmd37:
0x0061	0x1283      	BCF        STATUS, 5
0x0062	0x1606      	BSF        LCD_D4, BitPos(LCD_D4+0)
L__Lcd_Cmd38:
;__Lib_Lcd.c,38 :: 		
0x0063	0x1866      	BTFSC      __Lib_Lcd_cmd_status, BitPos(__Lib_Lcd_cmd_status+0)
0x0064	0x2867      	GOTO       L__Lcd_Cmd39
0x0065	0x1506      	BSF        LCD_RS, BitPos(LCD_RS+0)
0x0066	0x2868      	GOTO       L__Lcd_Cmd40
L__Lcd_Cmd39:
0x0067	0x1106      	BCF        LCD_RS, BitPos(LCD_RS+0)
L__Lcd_Cmd40:
;__Lib_Lcd.c,40 :: 		
0x0068	0x1586      	BSF        LCD_EN, BitPos(LCD_EN+0)
;__Lib_Lcd.c,41 :: 		
0x0069	0x2017      	CALL       _Delay_1us
;__Lib_Lcd.c,42 :: 		
0x006A	0x1186      	BCF        LCD_EN, BitPos(LCD_EN+0)
;__Lib_Lcd.c,44 :: 		
0x006B	0x1C66      	BTFSS      __Lib_Lcd_cmd_status, BitPos(__Lib_Lcd_cmd_status+0)
0x006C	0x286F      	GOTO       L_Lcd_Cmd0
;__Lib_Lcd.c,45 :: 		
0x006D	0x200A      	CALL       _Delay_5500us
0x006E	0x2870      	GOTO       L_Lcd_Cmd1
L_Lcd_Cmd0:
;__Lib_Lcd.c,47 :: 		
0x006F	0x2003      	CALL       _Delay_50us
L_Lcd_Cmd1:
;__Lib_Lcd.c,48 :: 		
L_end_Lcd_Cmd:
0x0070	0x0008      	RETURN
; end of _Lcd_Cmd
_____DoICP:
;__Lib_System.c,6 :: 		
;__Lib_System.c,9 :: 		
0x0071	0x1283      	BCF        STATUS, 5
0x0072	0x1303      	BCF        STATUS, 6
0x0073	0x0865      	MOVF       ___DoICPAddr+1, 0
0x0074	0x008A      	MOVWF      PCLATH
;__Lib_System.c,10 :: 		
0x0075	0x0864      	MOVF       ___DoICPAddr, 0
0x0076	0x0082      	MOVWF      PCL
;__Lib_System.c,12 :: 		
L_end_____DoICP:
0x0077	0x0008      	RETURN
; end of _____DoICP
_Lcd_Chr_CP:
;__Lib_Lcd.c,50 :: 		
;__Lib_Lcd.c,52 :: 		
0x0078	0x1283      	BCF        STATUS, 5
0x0079	0x1303      	BCF        STATUS, 6
0x007A	0x1066      	BCF        __Lib_Lcd_cmd_status, BitPos(__Lib_Lcd_cmd_status+0)
;__Lib_Lcd.c,53 :: 		
0x007B	0x1683      	BSF        STATUS, 5
0x007C	0x0821      	MOVF       FARG_Lcd_Chr_CP_out_char, 0
0x007D	0x00A2      	MOVWF      FARG_Lcd_Cmd_out_char
0x007E	0x201A      	CALL       _Lcd_Cmd
;__Lib_Lcd.c,54 :: 		
0x007F	0x1466      	BSF        __Lib_Lcd_cmd_status, BitPos(__Lib_Lcd_cmd_status+0)
;__Lib_Lcd.c,55 :: 		
L_end_Lcd_Chr_CP:
0x0080	0x0008      	RETURN
; end of _Lcd_Chr_CP
_Lcd_Init:
;__Lib_Lcd.c,84 :: 		
;__Lib_Lcd.c,86 :: 		
0x0081	0x1683      	BSF        STATUS, 5
0x0082	0x1303      	BCF        STATUS, 6
0x0083	0x1186      	BCF        LCD_EN_Direction, BitPos(LCD_EN_Direction+0)
;__Lib_Lcd.c,87 :: 		
0x0084	0x1106      	BCF        LCD_RS_Direction, BitPos(LCD_RS_Direction+0)
;__Lib_Lcd.c,88 :: 		
0x0085	0x1206      	BCF        LCD_D4_Direction, BitPos(LCD_D4_Direction+0)
;__Lib_Lcd.c,89 :: 		
0x0086	0x1286      	BCF        LCD_D5_Direction, BitPos(LCD_D5_Direction+0)
;__Lib_Lcd.c,90 :: 		
0x0087	0x1306      	BCF        LCD_D6_Direction, BitPos(LCD_D6_Direction+0)
;__Lib_Lcd.c,91 :: 		
0x0088	0x1386      	BCF        LCD_D7_Direction, BitPos(LCD_D7_Direction+0)
;__Lib_Lcd.c,93 :: 		
0x0089	0x1283      	BCF        STATUS, 5
0x008A	0x1186      	BCF        LCD_EN, BitPos(LCD_EN+0)
;__Lib_Lcd.c,94 :: 		
0x008B	0x1106      	BCF        LCD_RS, BitPos(LCD_RS+0)
;__Lib_Lcd.c,95 :: 		
0x008C	0x1386      	BCF        LCD_D7, BitPos(LCD_D7+0)
;__Lib_Lcd.c,96 :: 		
0x008D	0x1306      	BCF        LCD_D6, BitPos(LCD_D6+0)
;__Lib_Lcd.c,97 :: 		
0x008E	0x1286      	BCF        LCD_D5, BitPos(LCD_D5+0)
;__Lib_Lcd.c,98 :: 		
0x008F	0x1206      	BCF        LCD_D4, BitPos(LCD_D4+0)
;__Lib_Lcd.c,100 :: 		
0x0090	0x200A      	CALL       _Delay_5500us
;__Lib_Lcd.c,101 :: 		
0x0091	0x200A      	CALL       _Delay_5500us
;__Lib_Lcd.c,102 :: 		
0x0092	0x200A      	CALL       _Delay_5500us
;__Lib_Lcd.c,105 :: 		
0x0093	0x1686      	BSF        LCD_D5, BitPos(LCD_D5+0)
;__Lib_Lcd.c,106 :: 		
0x0094	0x1606      	BSF        LCD_D4, BitPos(LCD_D4+0)
;__Lib_Lcd.c,107 :: 		
0x0095	0x1586      	BSF        LCD_EN, BitPos(LCD_EN+0)
;__Lib_Lcd.c,108 :: 		
0x0096	0x2017      	CALL       _Delay_1us
;__Lib_Lcd.c,109 :: 		
0x0097	0x1186      	BCF        LCD_EN, BitPos(LCD_EN+0)
;__Lib_Lcd.c,110 :: 		
0x0098	0x200A      	CALL       _Delay_5500us
;__Lib_Lcd.c,112 :: 		
0x0099	0x1586      	BSF        LCD_EN, BitPos(LCD_EN+0)
;__Lib_Lcd.c,113 :: 		
0x009A	0x2017      	CALL       _Delay_1us
;__Lib_Lcd.c,114 :: 		
0x009B	0x1186      	BCF        LCD_EN, BitPos(LCD_EN+0)
;__Lib_Lcd.c,115 :: 		
0x009C	0x200A      	CALL       _Delay_5500us
;__Lib_Lcd.c,117 :: 		
0x009D	0x1586      	BSF        LCD_EN, BitPos(LCD_EN+0)
;__Lib_Lcd.c,118 :: 		
0x009E	0x2017      	CALL       _Delay_1us
;__Lib_Lcd.c,119 :: 		
0x009F	0x1186      	BCF        LCD_EN, BitPos(LCD_EN+0)
;__Lib_Lcd.c,120 :: 		
0x00A0	0x200A      	CALL       _Delay_5500us
;__Lib_Lcd.c,123 :: 		
0x00A1	0x1206      	BCF        LCD_D4, BitPos(LCD_D4+0)
;__Lib_Lcd.c,124 :: 		
0x00A2	0x1586      	BSF        LCD_EN, BitPos(LCD_EN+0)
;__Lib_Lcd.c,125 :: 		
0x00A3	0x2017      	CALL       _Delay_1us
;__Lib_Lcd.c,126 :: 		
0x00A4	0x1186      	BCF        LCD_EN, BitPos(LCD_EN+0)
;__Lib_Lcd.c,127 :: 		
0x00A5	0x200A      	CALL       _Delay_5500us
;__Lib_Lcd.c,130 :: 		
0x00A6	0x1586      	BSF        LCD_EN, BitPos(LCD_EN+0)
;__Lib_Lcd.c,131 :: 		
0x00A7	0x2017      	CALL       _Delay_1us
;__Lib_Lcd.c,132 :: 		
0x00A8	0x1186      	BCF        LCD_EN, BitPos(LCD_EN+0)
;__Lib_Lcd.c,134 :: 		
0x00A9	0x1286      	BCF        LCD_D5, BitPos(LCD_D5+0)
;__Lib_Lcd.c,135 :: 		
0x00AA	0x1786      	BSF        LCD_D7, BitPos(LCD_D7+0)
;__Lib_Lcd.c,136 :: 		
0x00AB	0x1586      	BSF        LCD_EN, BitPos(LCD_EN+0)
;__Lib_Lcd.c,137 :: 		
0x00AC	0x2017      	CALL       _Delay_1us
;__Lib_Lcd.c,138 :: 		
0x00AD	0x1186      	BCF        LCD_EN, BitPos(LCD_EN+0)
;__Lib_Lcd.c,139 :: 		
0x00AE	0x200A      	CALL       _Delay_5500us
;__Lib_Lcd.c,142 :: 		
0x00AF	0x1386      	BCF        LCD_D7, BitPos(LCD_D7+0)
;__Lib_Lcd.c,143 :: 		
0x00B0	0x1606      	BSF        LCD_D4, BitPos(LCD_D4+0)
;__Lib_Lcd.c,144 :: 		
0x00B1	0x1586      	BSF        LCD_EN, BitPos(LCD_EN+0)
;__Lib_Lcd.c,145 :: 		
0x00B2	0x2017      	CALL       _Delay_1us
;__Lib_Lcd.c,146 :: 		
0x00B3	0x1186      	BCF        LCD_EN, BitPos(LCD_EN+0)
;__Lib_Lcd.c,148 :: 		
0x00B4	0x1206      	BCF        LCD_D4, BitPos(LCD_D4+0)
;__Lib_Lcd.c,149 :: 		
0x00B5	0x1586      	BSF        LCD_EN, BitPos(LCD_EN+0)
;__Lib_Lcd.c,150 :: 		
0x00B6	0x2017      	CALL       _Delay_1us
;__Lib_Lcd.c,151 :: 		
0x00B7	0x1186      	BCF        LCD_EN, BitPos(LCD_EN+0)
;__Lib_Lcd.c,152 :: 		
0x00B8	0x200A      	CALL       _Delay_5500us
;__Lib_Lcd.c,155 :: 		
0x00B9	0x1586      	BSF        LCD_EN, BitPos(LCD_EN+0)
;__Lib_Lcd.c,156 :: 		
0x00BA	0x2017      	CALL       _Delay_1us
;__Lib_Lcd.c,157 :: 		
0x00BB	0x1186      	BCF        LCD_EN, BitPos(LCD_EN+0)
;__Lib_Lcd.c,159 :: 		
0x00BC	0x1606      	BSF        LCD_D4, BitPos(LCD_D4+0)
;__Lib_Lcd.c,160 :: 		
0x00BD	0x1586      	BSF        LCD_EN, BitPos(LCD_EN+0)
;__Lib_Lcd.c,161 :: 		
0x00BE	0x2017      	CALL       _Delay_1us
;__Lib_Lcd.c,162 :: 		
0x00BF	0x1186      	BCF        LCD_EN, BitPos(LCD_EN+0)
;__Lib_Lcd.c,163 :: 		
0x00C0	0x200A      	CALL       _Delay_5500us
;__Lib_Lcd.c,166 :: 		
0x00C1	0x1206      	BCF        LCD_D4, BitPos(LCD_D4+0)
;__Lib_Lcd.c,167 :: 		
0x00C2	0x1586      	BSF        LCD_EN, BitPos(LCD_EN+0)
;__Lib_Lcd.c,168 :: 		
0x00C3	0x2017      	CALL       _Delay_1us
;__Lib_Lcd.c,169 :: 		
0x00C4	0x1186      	BCF        LCD_EN, BitPos(LCD_EN+0)
;__Lib_Lcd.c,171 :: 		
0x00C5	0x1786      	BSF        LCD_D7, BitPos(LCD_D7+0)
;__Lib_Lcd.c,172 :: 		
0x00C6	0x1706      	BSF        LCD_D6, BitPos(LCD_D6+0)
;__Lib_Lcd.c,173 :: 		
0x00C7	0x1686      	BSF        LCD_D5, BitPos(LCD_D5+0)
;__Lib_Lcd.c,174 :: 		
0x00C8	0x1606      	BSF        LCD_D4, BitPos(LCD_D4+0)
;__Lib_Lcd.c,175 :: 		
0x00C9	0x1586      	BSF        LCD_EN, BitPos(LCD_EN+0)
;__Lib_Lcd.c,176 :: 		
0x00CA	0x2017      	CALL       _Delay_1us
;__Lib_Lcd.c,177 :: 		
0x00CB	0x1186      	BCF        LCD_EN, BitPos(LCD_EN+0)
;__Lib_Lcd.c,179 :: 		
0x00CC	0x200A      	CALL       _Delay_5500us
;__Lib_Lcd.c,181 :: 		
0x00CD	0x1466      	BSF        __Lib_Lcd_cmd_status, BitPos(__Lib_Lcd_cmd_status+0)
;__Lib_Lcd.c,182 :: 		
L_end_Lcd_Init:
0x00CE	0x0008      	RETURN
; end of _Lcd_Init
_Lcd_Out:
;__Lib_Lcd.c,184 :: 		
;__Lib_Lcd.c,187 :: 		
0x00CF	0x28E1      	GOTO       L_Lcd_Out11
;__Lib_Lcd.c,188 :: 		
L_Lcd_Out13:
0x00D0	0x3080      	MOVLW      128
0x00D1	0x1283      	BCF        STATUS, 5
0x00D2	0x1303      	BCF        STATUS, 6
0x00D3	0x00ED      	MOVWF      FARG_Lcd_Out_row
0x00D4	0x28F4      	GOTO       L_Lcd_Out12
;__Lib_Lcd.c,189 :: 		
L_Lcd_Out14:
0x00D5	0x30C0      	MOVLW      192
0x00D6	0x00ED      	MOVWF      FARG_Lcd_Out_row
0x00D7	0x28F4      	GOTO       L_Lcd_Out12
;__Lib_Lcd.c,190 :: 		
L_Lcd_Out15:
0x00D8	0x3094      	MOVLW      148
0x00D9	0x00ED      	MOVWF      FARG_Lcd_Out_row
0x00DA	0x28F4      	GOTO       L_Lcd_Out12
;__Lib_Lcd.c,191 :: 		
L_Lcd_Out16:
0x00DB	0x30D4      	MOVLW      212
0x00DC	0x00ED      	MOVWF      FARG_Lcd_Out_row
0x00DD	0x28F4      	GOTO       L_Lcd_Out12
;__Lib_Lcd.c,192 :: 		
L_Lcd_Out17:
0x00DE	0x3080      	MOVLW      128
0x00DF	0x00ED      	MOVWF      FARG_Lcd_Out_row
;__Lib_Lcd.c,193 :: 		
0x00E0	0x28F4      	GOTO       L_Lcd_Out12
L_Lcd_Out11:
0x00E1	0x1283      	BCF        STATUS, 5
0x00E2	0x1303      	BCF        STATUS, 6
0x00E3	0x086D      	MOVF       FARG_Lcd_Out_row, 0
0x00E4	0x3A01      	XORLW      1
0x00E5	0x1903      	BTFSC      STATUS, 2
0x00E6	0x28D0      	GOTO       L_Lcd_Out13
0x00E7	0x086D      	MOVF       FARG_Lcd_Out_row, 0
0x00E8	0x3A02      	XORLW      2
0x00E9	0x1903      	BTFSC      STATUS, 2
0x00EA	0x28D5      	GOTO       L_Lcd_Out14
0x00EB	0x086D      	MOVF       FARG_Lcd_Out_row, 0
0x00EC	0x3A03      	XORLW      3
0x00ED	0x1903      	BTFSC      STATUS, 2
0x00EE	0x28D8      	GOTO       L_Lcd_Out15
0x00EF	0x086D      	MOVF       FARG_Lcd_Out_row, 0
0x00F0	0x3A04      	XORLW      4
0x00F1	0x1903      	BTFSC      STATUS, 2
0x00F2	0x28DB      	GOTO       L_Lcd_Out16
0x00F3	0x28DE      	GOTO       L_Lcd_Out17
L_Lcd_Out12:
;__Lib_Lcd.c,194 :: 		
0x00F4	0x036E      	DECF       FARG_Lcd_Out_column, 0
0x00F5	0x00F0      	MOVWF      R0
0x00F6	0x086D      	MOVF       FARG_Lcd_Out_row, 0
0x00F7	0x07F0      	ADDWF      R0, 1
0x00F8	0x0870      	MOVF       R0, 0
0x00F9	0x00ED      	MOVWF      FARG_Lcd_Out_row
;__Lib_Lcd.c,196 :: 		
0x00FA	0x0870      	MOVF       R0, 0
0x00FB	0x1683      	BSF        STATUS, 5
0x00FC	0x00A2      	MOVWF      FARG_Lcd_Cmd_out_char
0x00FD	0x201A      	CALL       _Lcd_Cmd
;__Lib_Lcd.c,197 :: 		
0x00FE	0x1066      	BCF        __Lib_Lcd_cmd_status, BitPos(__Lib_Lcd_cmd_status+0)
;__Lib_Lcd.c,198 :: 		
0x00FF	0x1683      	BSF        STATUS, 5
0x0100	0x01A0      	CLRF       Lcd_Out_i_L0
;__Lib_Lcd.c,199 :: 		
L_Lcd_Out18:
0x0101	0x0820      	MOVF       Lcd_Out_i_L0, 0
0x0102	0x1283      	BCF        STATUS, 5
0x0103	0x076F      	ADDWF      FARG_Lcd_Out_text, 0
0x0104	0x0084      	MOVWF      FSR
0x0105	0x0800      	MOVF       INDF, 0
0x0106	0x1903      	BTFSC      STATUS, 2
0x0107	0x2914      	GOTO       L_Lcd_Out19
;__Lib_Lcd.c,200 :: 		
0x0108	0x1683      	BSF        STATUS, 5
0x0109	0x0820      	MOVF       Lcd_Out_i_L0, 0
0x010A	0x1283      	BCF        STATUS, 5
0x010B	0x076F      	ADDWF      FARG_Lcd_Out_text, 0
0x010C	0x0084      	MOVWF      FSR
0x010D	0x0800      	MOVF       INDF, 0
0x010E	0x1683      	BSF        STATUS, 5
0x010F	0x00A1      	MOVWF      FARG_Lcd_Chr_CP_out_char
0x0110	0x2078      	CALL       _Lcd_Chr_CP
0x0111	0x1683      	BSF        STATUS, 5
0x0112	0x0AA0      	INCF       Lcd_Out_i_L0, 1
0x0113	0x2901      	GOTO       L_Lcd_Out18
L_Lcd_Out19:
;__Lib_Lcd.c,201 :: 		
0x0114	0x1283      	BCF        STATUS, 5
0x0115	0x1466      	BSF        __Lib_Lcd_cmd_status, BitPos(__Lib_Lcd_cmd_status+0)
;__Lib_Lcd.c,202 :: 		
L_end_Lcd_Out:
0x0116	0x0008      	RETURN
; end of _Lcd_Out
___CC2DW:
;__Lib_System.c,134 :: 		
;__Lib_System.c,137 :: 		
_CC2D_Loop1:
;__Lib_System.c,139 :: 		
0x0117	0x2071      	CALL       _____DoICP
0x0118	0x118A      	BCF        PCLATH, 3
0x0119	0x120A      	BCF        PCLATH, 4
;__Lib_System.c,141 :: 		
0x011A	0x0080      	MOVWF      INDF
;__Lib_System.c,142 :: 		
0x011B	0x0A84      	INCF       FSR, 1
;__Lib_System.c,143 :: 		
0x011C	0x0AE4      	INCF       ___DoICPAddr, 1
;__Lib_System.c,145 :: 		
0x011D	0x1903      	BTFSC      STATUS, 2
;__Lib_System.c,146 :: 		
0x011E	0x0AE5      	INCF       ___DoICPAddr+1, 1
;__Lib_System.c,147 :: 		
0x011F	0x03F0      	DECF       R0, 1
;__Lib_System.c,149 :: 		
0x0120	0x1D03      	BTFSS      STATUS, 2
;__Lib_System.c,150 :: 		
0x0121	0x2917      	GOTO       _CC2D_Loop1
;__Lib_System.c,152 :: 		
L_end___CC2DW:
0x0122	0x0008      	RETURN
; end of ___CC2DW
_main:
0x0123	0x228E      	CALL       654
;WATER.c,30 :: 		void main()
;WATER.c,33 :: 		int i = 0;
0x0124	0x1283      	BCF        STATUS, 5
0x0125	0x1303      	BCF        STATUS, 6
0x0126	0x01E7      	CLRF       main_i_L0
0x0127	0x01E8      	CLRF       main_i_L0+1
0x0128	0x3010      	MOVLW      16
0x0129	0x00E9      	MOVWF      main_c_L0
0x012A	0x3000      	MOVLW      0
0x012B	0x00EA      	MOVWF      main_c_L0+1
0x012C	0x01EB      	CLRF       main_b_L0
0x012D	0x01EC      	CLRF       main_b_L0+1
;WATER.c,36 :: 		CMCON = 0x07;
0x012E	0x3007      	MOVLW      7
0x012F	0x1683      	BSF        STATUS, 5
0x0130	0x009C      	MOVWF      CMCON
;WATER.c,37 :: 		ADCON1 = 0x06;
0x0131	0x3006      	MOVLW      6
0x0132	0x009F      	MOVWF      ADCON1
;WATER.c,38 :: 		TRISA = 0x0F;                  // set direction to be input
0x0133	0x300F      	MOVLW      15
0x0134	0x0085      	MOVWF      TRISA
;WATER.c,39 :: 		PORTA = 0x00;
0x0135	0x1283      	BCF        STATUS, 5
0x0136	0x0185      	CLRF       PORTA
;WATER.c,40 :: 		PORTD = 0x00;
0x0137	0x0188      	CLRF       PORTD
;WATER.c,41 :: 		PORTC = 0x00;
0x0138	0x0187      	CLRF       PORTC
;WATER.c,42 :: 		TRISB = 0x00;                  //  set direction to be output
0x0139	0x1683      	BSF        STATUS, 5
0x013A	0x0186      	CLRF       TRISB
;WATER.c,43 :: 		TRISC = 0x00;                  // set direction to be output
0x013B	0x0187      	CLRF       TRISC
;WATER.c,44 :: 		TRISD = 0x80;                  // set direction to be output
0x013C	0x3080      	MOVLW      128
0x013D	0x0088      	MOVWF      TRISD
;WATER.c,46 :: 		PORTD.F2 = 1;
0x013E	0x1283      	BCF        STATUS, 5
0x013F	0x1508      	BSF        PORTD, 2
;WATER.c,47 :: 		PORTD.F7 = 1;
0x0140	0x1788      	BSF        PORTD, 7
;WATER.c,49 :: 		Lcd_Init();                    // Initialize LCD
0x0141	0x2081      	CALL       _Lcd_Init
;WATER.c,50 :: 		Lcd_Cmd(_LCD_CLEAR);           // Clear display
0x0142	0x3001      	MOVLW      1
0x0143	0x1683      	BSF        STATUS, 5
0x0144	0x00A2      	MOVWF      FARG_Lcd_Cmd_out_char
0x0145	0x201A      	CALL       _Lcd_Cmd
;WATER.c,51 :: 		Lcd_Cmd(_LCD_CURSOR_OFF);      // Cursor off
0x0146	0x300C      	MOVLW      12
0x0147	0x1683      	BSF        STATUS, 5
0x0148	0x00A2      	MOVWF      FARG_Lcd_Cmd_out_char
0x0149	0x201A      	CALL       _Lcd_Cmd
;WATER.c,52 :: 		Lcd_Out(1,1,txt1);             // Write text in first row
0x014A	0x3001      	MOVLW      1
0x014B	0x00ED      	MOVWF      FARG_Lcd_Out_row
0x014C	0x3001      	MOVLW      1
0x014D	0x00EE      	MOVWF      FARG_Lcd_Out_column
0x014E	0x3054      	MOVLW      _txt1
0x014F	0x00EF      	MOVWF      FARG_Lcd_Out_text
0x0150	0x20CF      	CALL       _Lcd_Out
;WATER.c,53 :: 		Lcd_Out(2,1,txt2);             // Write text in second row
0x0151	0x3002      	MOVLW      2
0x0152	0x00ED      	MOVWF      FARG_Lcd_Out_row
0x0153	0x3001      	MOVLW      1
0x0154	0x00EE      	MOVWF      FARG_Lcd_Out_column
0x0155	0x305E      	MOVLW      _txt2
0x0156	0x00EF      	MOVWF      FARG_Lcd_Out_text
0x0157	0x20CF      	CALL       _Lcd_Out
;WATER.c,54 :: 		Delay_ms(500);
0x0158	0x3006      	MOVLW      6
0x0159	0x00FB      	MOVWF      R11
0x015A	0x3013      	MOVLW      19
0x015B	0x00FC      	MOVWF      R12
0x015C	0x30AD      	MOVLW      173
0x015D	0x00FD      	MOVWF      R13
L_main0:
0x015E	0x0BFD      	DECFSZ     R13, 1
0x015F	0x295E      	GOTO       L_main0
0x0160	0x0BFC      	DECFSZ     R12, 1
0x0161	0x295E      	GOTO       L_main0
0x0162	0x0BFB      	DECFSZ     R11, 1
0x0163	0x295E      	GOTO       L_main0
0x0164	0x0000      	NOP
0x0165	0x0000      	NOP
;WATER.c,55 :: 		Lcd_Cmd(_LCD_CLEAR);           // Clear display
0x0166	0x3001      	MOVLW      1
0x0167	0x1683      	BSF        STATUS, 5
0x0168	0x00A2      	MOVWF      FARG_Lcd_Cmd_out_char
0x0169	0x201A      	CALL       _Lcd_Cmd
;WATER.c,56 :: 		Lcd_Out(1,1,txt3);             // Write text in first row
0x016A	0x3001      	MOVLW      1
0x016B	0x00ED      	MOVWF      FARG_Lcd_Out_row
0x016C	0x3001      	MOVLW      1
0x016D	0x00EE      	MOVWF      FARG_Lcd_Out_column
0x016E	0x3031      	MOVLW      _txt3
0x016F	0x00EF      	MOVWF      FARG_Lcd_Out_text
0x0170	0x20CF      	CALL       _Lcd_Out
;WATER.c,57 :: 		Lcd_Out(2,1,txt4);             // Write text in second row
0x0171	0x3002      	MOVLW      2
0x0172	0x00ED      	MOVWF      FARG_Lcd_Out_row
0x0173	0x3001      	MOVLW      1
0x0174	0x00EE      	MOVWF      FARG_Lcd_Out_column
0x0175	0x303B      	MOVLW      _txt4
0x0176	0x00EF      	MOVWF      FARG_Lcd_Out_text
0x0177	0x20CF      	CALL       _Lcd_Out
;WATER.c,58 :: 		Delay_ms(500);
0x0178	0x3006      	MOVLW      6
0x0179	0x00FB      	MOVWF      R11
0x017A	0x3013      	MOVLW      19
0x017B	0x00FC      	MOVWF      R12
0x017C	0x30AD      	MOVLW      173
0x017D	0x00FD      	MOVWF      R13
L_main1:
0x017E	0x0BFD      	DECFSZ     R13, 1
0x017F	0x297E      	GOTO       L_main1
0x0180	0x0BFC      	DECFSZ     R12, 1
0x0181	0x297E      	GOTO       L_main1
0x0182	0x0BFB      	DECFSZ     R11, 1
0x0183	0x297E      	GOTO       L_main1
0x0184	0x0000      	NOP
0x0185	0x0000      	NOP
;WATER.c,61 :: 		for(i=0; i<15; i++)
0x0186	0x01E7      	CLRF       main_i_L0
0x0187	0x01E8      	CLRF       main_i_L0+1
L_main2:
0x0188	0x3080      	MOVLW      128
0x0189	0x0668      	XORWF      main_i_L0+1, 0
0x018A	0x00F0      	MOVWF      R0
0x018B	0x3080      	MOVLW      128
0x018C	0x0270      	SUBWF      R0, 0
0x018D	0x1D03      	BTFSS      STATUS, 2
0x018E	0x2991      	GOTO       L__main26
0x018F	0x300F      	MOVLW      15
0x0190	0x0267      	SUBWF      main_i_L0, 0
L__main26:
0x0191	0x1803      	BTFSC      STATUS, 0
0x0192	0x29A9      	GOTO       L_main3
;WATER.c,63 :: 		Lcd_Cmd(_LCD_SHIFT_RIGHT);
0x0193	0x301C      	MOVLW      28
0x0194	0x1683      	BSF        STATUS, 5
0x0195	0x00A2      	MOVWF      FARG_Lcd_Cmd_out_char
0x0196	0x201A      	CALL       _Lcd_Cmd
;WATER.c,64 :: 		Delay_ms(125);
0x0197	0x3002      	MOVLW      2
0x0198	0x00FB      	MOVWF      R11
0x0199	0x3045      	MOVLW      69
0x019A	0x00FC      	MOVWF      R12
0x019B	0x30A9      	MOVLW      169
0x019C	0x00FD      	MOVWF      R13
L_main5:
0x019D	0x0BFD      	DECFSZ     R13, 1
0x019E	0x299D      	GOTO       L_main5
0x019F	0x0BFC      	DECFSZ     R12, 1
0x01A0	0x299D      	GOTO       L_main5
0x01A1	0x0BFB      	DECFSZ     R11, 1
0x01A2	0x299D      	GOTO       L_main5
0x01A3	0x0000      	NOP
0x01A4	0x0000      	NOP
;WATER.c,61 :: 		for(i=0; i<15; i++)
0x01A5	0x0AE7      	INCF       main_i_L0, 1
0x01A6	0x1903      	BTFSC      STATUS, 2
0x01A7	0x0AE8      	INCF       main_i_L0+1, 1
;WATER.c,65 :: 		}
0x01A8	0x2988      	GOTO       L_main2
L_main3:
;WATER.c,69 :: 		do
L_main6:
;WATER.c,71 :: 		Lcd_Cmd(_LCD_CLEAR);
0x01A9	0x3001      	MOVLW      1
0x01AA	0x1683      	BSF        STATUS, 5
0x01AB	0x00A2      	MOVWF      FARG_Lcd_Cmd_out_char
0x01AC	0x201A      	CALL       _Lcd_Cmd
;WATER.c,72 :: 		Lcd_Out(1,1,wtr1);
0x01AD	0x3001      	MOVLW      1
0x01AE	0x00ED      	MOVWF      FARG_Lcd_Out_row
0x01AF	0x3001      	MOVLW      1
0x01B0	0x00EE      	MOVWF      FARG_Lcd_Out_column
0x01B1	0x304C      	MOVLW      _wtr1
0x01B2	0x00EF      	MOVWF      FARG_Lcd_Out_text
0x01B3	0x20CF      	CALL       _Lcd_Out
;WATER.c,73 :: 		if(c>0)
0x01B4	0x3080      	MOVLW      128
0x01B5	0x00F0      	MOVWF      R0
0x01B6	0x3080      	MOVLW      128
0x01B7	0x066A      	XORWF      main_c_L0+1, 0
0x01B8	0x0270      	SUBWF      R0, 0
0x01B9	0x1D03      	BTFSS      STATUS, 2
0x01BA	0x29BD      	GOTO       L__main27
0x01BB	0x0869      	MOVF       main_c_L0, 0
0x01BC	0x3C00      	SUBLW      0
L__main27:
0x01BD	0x1803      	BTFSC      STATUS, 0
0x01BE	0x29C5      	GOTO       L_main9
;WATER.c,75 :: 		PORTD.F2 = 1 ;              //LCD Backlight ON
0x01BF	0x1508      	BSF        PORTD, 2
;WATER.c,76 :: 		c--;
0x01C0	0x3001      	MOVLW      1
0x01C1	0x02E9      	SUBWF      main_c_L0, 1
0x01C2	0x1C03      	BTFSS      STATUS, 0
0x01C3	0x03EA      	DECF       main_c_L0+1, 1
;WATER.c,77 :: 		}
0x01C4	0x29C6      	GOTO       L_main10
L_main9:
;WATER.c,79 :: 		PORTD.F2 = 0;              //LCD Backlight OFF
0x01C5	0x1108      	BCF        PORTD, 2
L_main10:
;WATER.c,81 :: 		if(b>0)
0x01C6	0x3080      	MOVLW      128
0x01C7	0x00F0      	MOVWF      R0
0x01C8	0x3080      	MOVLW      128
0x01C9	0x066C      	XORWF      main_b_L0+1, 0
0x01CA	0x0270      	SUBWF      R0, 0
0x01CB	0x1D03      	BTFSS      STATUS, 2
0x01CC	0x29CF      	GOTO       L__main28
0x01CD	0x086B      	MOVF       main_b_L0, 0
0x01CE	0x3C00      	SUBLW      0
L__main28:
0x01CF	0x1803      	BTFSC      STATUS, 0
0x01D0	0x29E5      	GOTO       L_main11
;WATER.c,83 :: 		PORTD.F0 = 1;              //Buzzer ON
0x01D1	0x1408      	BSF        PORTD, 0
;WATER.c,84 :: 		Delay_ms(125);
0x01D2	0x3002      	MOVLW      2
0x01D3	0x00FB      	MOVWF      R11
0x01D4	0x3045      	MOVLW      69
0x01D5	0x00FC      	MOVWF      R12
0x01D6	0x30A9      	MOVLW      169
0x01D7	0x00FD      	MOVWF      R13
L_main12:
0x01D8	0x0BFD      	DECFSZ     R13, 1
0x01D9	0x29D8      	GOTO       L_main12
0x01DA	0x0BFC      	DECFSZ     R12, 1
0x01DB	0x29D8      	GOTO       L_main12
0x01DC	0x0BFB      	DECFSZ     R11, 1
0x01DD	0x29D8      	GOTO       L_main12
0x01DE	0x0000      	NOP
0x01DF	0x0000      	NOP
;WATER.c,85 :: 		PORTD.F0 = 0;              //Buzzer OFF
0x01E0	0x1008      	BCF        PORTD, 0
;WATER.c,86 :: 		b--;
0x01E1	0x3001      	MOVLW      1
0x01E2	0x02EB      	SUBWF      main_b_L0, 1
0x01E3	0x1C03      	BTFSS      STATUS, 0
0x01E4	0x03EC      	DECF       main_b_L0+1, 1
;WATER.c,87 :: 		}
L_main11:
;WATER.c,89 :: 		if(PORTD.F7 == 0)            //Manual Backlight ON
0x01E5	0x1B88      	BTFSC      PORTD, 7
0x01E6	0x29EB      	GOTO       L_main13
;WATER.c,90 :: 		c = 16;
0x01E7	0x3010      	MOVLW      16
0x01E8	0x00E9      	MOVWF      main_c_L0
0x01E9	0x3000      	MOVLW      0
0x01EA	0x00EA      	MOVWF      main_c_L0+1
L_main13:
;WATER.c,92 :: 		if(PORTA == 0x0F)
0x01EB	0x0805      	MOVF       PORTA, 0
0x01EC	0x3A0F      	XORLW      15
0x01ED	0x1D03      	BTFSS      STATUS, 2
0x01EE	0x29FA      	GOTO       L_main14
;WATER.c,94 :: 		PORTD.F1 = 1;
0x01EF	0x1488      	BSF        PORTD, 1
;WATER.c,95 :: 		Lcd_Out(1,8,wtr2);
0x01F0	0x3001      	MOVLW      1
0x01F1	0x00ED      	MOVWF      FARG_Lcd_Out_row
0x01F2	0x3008      	MOVLW      8
0x01F3	0x00EE      	MOVWF      FARG_Lcd_Out_column
0x01F4	0x3043      	MOVLW      _wtr2
0x01F5	0x00EF      	MOVWF      FARG_Lcd_Out_text
0x01F6	0x20CF      	CALL       _Lcd_Out
;WATER.c,96 :: 		PORTC = 1;
0x01F7	0x3001      	MOVLW      1
0x01F8	0x0087      	MOVWF      PORTC
;WATER.c,97 :: 		}
0x01F9	0x2A34      	GOTO       L_main15
L_main14:
;WATER.c,98 :: 		else if(PORTA == 0x0E)
0x01FA	0x0805      	MOVF       PORTA, 0
0x01FB	0x3A0E      	XORLW      14
0x01FC	0x1D03      	BTFSS      STATUS, 2
0x01FD	0x2A08      	GOTO       L_main16
;WATER.c,100 :: 		Lcd_Out(1,8,wtr3);
0x01FE	0x3001      	MOVLW      1
0x01FF	0x00ED      	MOVWF      FARG_Lcd_Out_row
0x0200	0x3008      	MOVLW      8
0x0201	0x00EE      	MOVWF      FARG_Lcd_Out_column
0x0202	0x305A      	MOVLW      _wtr3
0x0203	0x00EF      	MOVWF      FARG_Lcd_Out_text
0x0204	0x20CF      	CALL       _Lcd_Out
;WATER.c,101 :: 		PORTC = 3;                 //LED Bar
0x0205	0x3003      	MOVLW      3
0x0206	0x0087      	MOVWF      PORTC
;WATER.c,102 :: 		}
0x0207	0x2A34      	GOTO       L_main17
L_main16:
;WATER.c,103 :: 		else if(PORTA == 0x0C)
0x0208	0x0805      	MOVF       PORTA, 0
0x0209	0x3A0C      	XORLW      12
0x020A	0x1D03      	BTFSS      STATUS, 2
0x020B	0x2A16      	GOTO       L_main18
;WATER.c,105 :: 		Lcd_Out(1,8,wtr4);
0x020C	0x3001      	MOVLW      1
0x020D	0x00ED      	MOVWF      FARG_Lcd_Out_row
0x020E	0x3008      	MOVLW      8
0x020F	0x00EE      	MOVWF      FARG_Lcd_Out_column
0x0210	0x302A      	MOVLW      _wtr4
0x0211	0x00EF      	MOVWF      FARG_Lcd_Out_text
0x0212	0x20CF      	CALL       _Lcd_Out
;WATER.c,106 :: 		PORTC = 7;                  //LED Bar
0x0213	0x3007      	MOVLW      7
0x0214	0x0087      	MOVWF      PORTC
;WATER.c,107 :: 		}
0x0215	0x2A34      	GOTO       L_main19
L_main18:
;WATER.c,108 :: 		else if(PORTA == 0x08)
0x0216	0x0805      	MOVF       PORTA, 0
0x0217	0x3A08      	XORLW      8
0x0218	0x1D03      	BTFSS      STATUS, 2
0x0219	0x2A24      	GOTO       L_main20
;WATER.c,110 :: 		Lcd_Out(1,8,wtr5);
0x021A	0x3001      	MOVLW      1
0x021B	0x00ED      	MOVWF      FARG_Lcd_Out_row
0x021C	0x3008      	MOVLW      8
0x021D	0x00EE      	MOVWF      FARG_Lcd_Out_column
0x021E	0x3020      	MOVLW      _wtr5
0x021F	0x00EF      	MOVWF      FARG_Lcd_Out_text
0x0220	0x20CF      	CALL       _Lcd_Out
;WATER.c,111 :: 		PORTC = 15;              //LED Bar
0x0221	0x300F      	MOVLW      15
0x0222	0x0087      	MOVWF      PORTC
;WATER.c,112 :: 		}
0x0223	0x2A34      	GOTO       L_main21
L_main20:
;WATER.c,113 :: 		else if(PORTA == 0x00)
0x0224	0x0805      	MOVF       PORTA, 0
0x0225	0x3A00      	XORLW      0
0x0226	0x1D03      	BTFSS      STATUS, 2
0x0227	0x2A32      	GOTO       L_main22
;WATER.c,115 :: 		Lcd_Out(1,8,wtr6);
0x0228	0x3001      	MOVLW      1
0x0229	0x00ED      	MOVWF      FARG_Lcd_Out_row
0x022A	0x3008      	MOVLW      8
0x022B	0x00EE      	MOVWF      FARG_Lcd_Out_column
0x022C	0x3025      	MOVLW      _wtr6
0x022D	0x00EF      	MOVWF      FARG_Lcd_Out_text
0x022E	0x20CF      	CALL       _Lcd_Out
;WATER.c,116 :: 		PORTC = 31;                //LED Bar
0x022F	0x301F      	MOVLW      31
0x0230	0x0087      	MOVWF      PORTC
;WATER.c,117 :: 		}
0x0231	0x2A34      	GOTO       L_main23
L_main22:
;WATER.c,119 :: 		PORTA = 0x0F;
0x0232	0x300F      	MOVLW      15
0x0233	0x0085      	MOVWF      PORTA
L_main23:
L_main21:
L_main19:
L_main17:
L_main15:
;WATER.c,120 :: 		Delay_ms(125);
0x0234	0x3002      	MOVLW      2
0x0235	0x00FB      	MOVWF      R11
0x0236	0x3045      	MOVLW      69
0x0237	0x00FC      	MOVWF      R12
0x0238	0x30A9      	MOVLW      169
0x0239	0x00FD      	MOVWF      R13
L_main24:
0x023A	0x0BFD      	DECFSZ     R13, 1
0x023B	0x2A3A      	GOTO       L_main24
0x023C	0x0BFC      	DECFSZ     R12, 1
0x023D	0x2A3A      	GOTO       L_main24
0x023E	0x0BFB      	DECFSZ     R11, 1
0x023F	0x2A3A      	GOTO       L_main24
0x0240	0x0000      	NOP
0x0241	0x0000      	NOP
;WATER.c,123 :: 		}while(1);                     // Endless loop
0x0242	0x29A9      	GOTO       L_main6
;WATER.c,124 :: 		}
L_end_main:
0x0243	0x2A43      	GOTO       $+0
; end of _main
0x028E	0x3020      	MOVLW      32
0x028F	0x0084      	MOVWF      FSR
0x0290	0x3044      	MOVLW      68
0x0291	0x1283      	BCF        STATUS, 5
0x0292	0x1303      	BCF        STATUS, 6
0x0293	0x00F0      	MOVWF      R0
0x0294	0x3049      	MOVLW      73
0x0295	0x00E4      	MOVWF      ___DoICPAddr
0x0296	0x3002      	MOVLW      2
0x0297	0x00E5      	MOVWF      101
0x0298	0x2117      	CALL       279
0x0299	0x0008      	RETURN
;WATER.c,0 :: ?ICS_wtr5
0x0249	0x3448 ;?ICS_wtr5+0
0x024A	0x3469 ;?ICS_wtr5+1
0x024B	0x3467 ;?ICS_wtr5+2
0x024C	0x3468 ;?ICS_wtr5+3
0x024D	0x3400 ;?ICS_wtr5+4
; end of ?ICS_wtr5
;WATER.c,0 :: ?ICS_wtr6
0x024E	0x3446 ;?ICS_wtr6+0
0x024F	0x3475 ;?ICS_wtr6+1
0x0250	0x346C ;?ICS_wtr6+2
0x0251	0x346C ;?ICS_wtr6+3
0x0252	0x3400 ;?ICS_wtr6+4
; end of ?ICS_wtr6
;WATER.c,0 :: ?ICS_wtr4
0x0253	0x344D ;?ICS_wtr4+0
0x0254	0x3465 ;?ICS_wtr4+1
0x0255	0x3464 ;?ICS_wtr4+2
0x0256	0x3469 ;?ICS_wtr4+3
0x0257	0x3475 ;?ICS_wtr4+4
0x0258	0x346D ;?ICS_wtr4+5
0x0259	0x3400 ;?ICS_wtr4+6
; end of ?ICS_wtr4
;WATER.c,0 :: ?ICS_txt3
0x025A	0x3449 ;?ICS_txt3+0
0x025B	0x346E ;?ICS_txt3+1
0x025C	0x3464 ;?ICS_txt3+2
0x025D	0x3469 ;?ICS_txt3+3
0x025E	0x3463 ;?ICS_txt3+4
0x025F	0x3461 ;?ICS_txt3+5
0x0260	0x3474 ;?ICS_txt3+6
0x0261	0x346F ;?ICS_txt3+7
0x0262	0x3472 ;?ICS_txt3+8
0x0263	0x3400 ;?ICS_txt3+9
; end of ?ICS_txt3
;WATER.c,0 :: ?ICS_txt4
0x0264	0x3443 ;?ICS_txt4+0
0x0265	0x3453 ;?ICS_txt4+1
0x0266	0x3445 ;?ICS_txt4+2
0x0267	0x3420 ;?ICS_txt4+3
0x0268	0x3433 ;?ICS_txt4+4
0x0269	0x3433 ;?ICS_txt4+5
0x026A	0x3431 ;?ICS_txt4+6
0x026B	0x3400 ;?ICS_txt4+7
; end of ?ICS_txt4
;WATER.c,0 :: ?ICS_wtr2
0x026C	0x3456 ;?ICS_wtr2+0
0x026D	0x3465 ;?ICS_wtr2+1
0x026E	0x3472 ;?ICS_wtr2+2
0x026F	0x3479 ;?ICS_wtr2+3
0x0270	0x3420 ;?ICS_wtr2+4
0x0271	0x344C ;?ICS_wtr2+5
0x0272	0x346F ;?ICS_wtr2+6
0x0273	0x3477 ;?ICS_wtr2+7
0x0274	0x3400 ;?ICS_wtr2+8
; end of ?ICS_wtr2
;WATER.c,0 :: ?ICS_wtr1
0x0275	0x344C ;?ICS_wtr1+0
0x0276	0x3465 ;?ICS_wtr1+1
0x0277	0x3476 ;?ICS_wtr1+2
0x0278	0x3465 ;?ICS_wtr1+3
0x0279	0x346C ;?ICS_wtr1+4
0x027A	0x343A ;?ICS_wtr1+5
0x027B	0x3420 ;?ICS_wtr1+6
0x027C	0x3400 ;?ICS_wtr1+7
; end of ?ICS_wtr1
;WATER.c,0 :: ?ICS_txt1
0x027D	0x3457 ;?ICS_txt1+0
0x027E	0x3461 ;?ICS_txt1+1
0x027F	0x3474 ;?ICS_txt1+2
0x0280	0x3465 ;?ICS_txt1+3
0x0281	0x3472 ;?ICS_txt1+4
0x0282	0x3400 ;?ICS_txt1+5
; end of ?ICS_txt1
;WATER.c,0 :: ?ICS_wtr3
0x0283	0x344C ;?ICS_wtr3+0
0x0284	0x346F ;?ICS_wtr3+1
0x0285	0x3477 ;?ICS_wtr3+2
0x0286	0x3400 ;?ICS_wtr3+3
; end of ?ICS_wtr3
;WATER.c,0 :: ?ICS_txt2
0x0287	0x344C ;?ICS_txt2+0
0x0288	0x3465 ;?ICS_txt2+1
0x0289	0x3476 ;?ICS_txt2+2
0x028A	0x3465 ;?ICS_txt2+3
0x028B	0x346C ;?ICS_txt2+4
0x028C	0x3400 ;?ICS_txt2+5
; end of ?ICS_txt2
Symbol List:
//** Routines locations **
//ADDRESS    SIZE    PROCEDURE
//----------------------------------------------
0x0003       [7]    _Delay_50us
0x000A      [13]    _Delay_5500us
0x0017       [3]    _Delay_1us
0x001A      [87]    _Lcd_Cmd
0x0071       [7]    _____DoICP
0x0078       [9]    _Lcd_Chr_CP
0x0081      [78]    _Lcd_Init
0x00CF      [72]    _Lcd_Out
0x0117      [12]    ___CC2DW
0x0123     [288]    _main
//** Variables locations ** 
//ADDRESS    SIZE    VARIABLE
//----------------------------------------------
0x0000       [1]    INDF
0x0002       [1]    PCL
0x0003       [1]    STATUS
0x0004       [1]    FSR
0x0005       [1]    PORTA
0x0006       [0]    LCD_D4
0x0006       [0]    LCD_EN
0x0006       [0]    RB3_bit
0x0006       [0]    LCD_D5
0x0006       [0]    RB2_bit
0x0006       [0]    LCD_RS
0x0006       [0]    LCD_D6
0x0006       [0]    RB4_bit
0x0006       [0]    RB5_bit
0x0006       [0]    RB6_bit
0x0006       [0]    LCD_D7
0x0006       [0]    RB7_bit
0x0007       [1]    PORTC
0x0008       [1]    PORTD
0x000A       [1]    PCLATH
0x0020       [5]    _wtr5
0x0025       [5]    _wtr6
0x002A       [7]    _wtr4
0x0031      [10]    _txt3
0x003B       [8]    _txt4
0x0043       [9]    _wtr2
0x004C       [8]    _wtr1
0x0054       [6]    _txt1
0x005A       [4]    _wtr3
0x005E       [6]    _txt2
0x0064       [2]    ___DoICPAddr
0x0066       [0]    __Lib_Lcd_cmd_status
0x0067       [2]    main_i_L0
0x0069       [2]    main_c_L0
0x006B       [2]    main_b_L0
0x006D       [1]    FARG_Lcd_Out_row
0x006E       [1]    FARG_Lcd_Out_column
0x006F       [1]    FARG_Lcd_Out_text
0x0070       [1]    R0
0x0071       [1]    R1
0x0072       [1]    R2
0x0073       [1]    R3
0x0074       [1]    R4
0x0075       [1]    R5
0x0076       [1]    R6
0x0077       [1]    R7
0x0078       [1]    R8
0x0079       [1]    R9
0x007A       [1]    R10
0x007B       [1]    R11
0x007C       [1]    R12
0x007D       [1]    R13
0x007E       [1]    R14
0x007F       [1]    R15
0x0085       [1]    TRISA
0x0086       [0]    LCD_RS_Direction
0x0086       [0]    TRISB5_bit
0x0086       [0]    TRISB6_bit
0x0086       [0]    LCD_D7_Direction
0x0086       [0]    TRISB2_bit
0x0086       [0]    TRISB4_bit
0x0086       [0]    TRISB3_bit
0x0086       [0]    LCD_EN_Direction
0x0086       [0]    LCD_D4_Direction
0x0086       [0]    LCD_D5_Direction
0x0086       [0]    LCD_D6_Direction
0x0086       [1]    TRISB
0x0086       [0]    TRISB7_bit
0x0087       [1]    TRISC
0x0088       [1]    TRISD
0x009C       [1]    CMCON
0x009F       [1]    ADCON1
0x00A0       [1]    Lcd_Out_i_L0
0x00A1       [1]    FARG_Lcd_Chr_CP_out_char
0x00A2       [1]    FARG_Lcd_Cmd_out_char
//** Constants locations ** 
//ADDRESS    SIZE    CONSTANT
//----------------------------------------------
0x0249       [5]    ?ICS_wtr5
0x024E       [5]    ?ICS_wtr6
0x0253       [7]    ?ICS_wtr4
0x025A      [10]    ?ICS_txt3
0x0264       [8]    ?ICS_txt4
0x026C       [9]    ?ICS_wtr2
0x0275       [8]    ?ICS_wtr1
0x027D       [6]    ?ICS_txt1
0x0283       [4]    ?ICS_wtr3
0x0287       [6]    ?ICS_txt2
